0 silly argv {
0 silly argv   _: [ 'bootstrap' ],
0 silly argv   lernaVersion: '4.0.0',
0 silly argv   '$0': '/Users/admin/git/web3-orbit/node_modules/.bin/lerna'
0 silly argv }
1 notice cli v4.0.0
2 verbose rootPath /Users/admin/git/web3-orbit
3 info versioning independent
4 error JSONError: Unexpected token "}" (0x7D) in JSON at position 1499 while parsing near "...ypes-ipfs.git\",\n    },\n    \"dependencies..." in packages/node/package.json
4 error
4 error [0m [90m 37 |[39m         [32m"@types/orbit-db"[39m[33m:[39m [32m"1.0.1"[39m[33m,[39m[0m
4 error [0m [90m 38 |[39m         [32m"@types/ipfs"[39m[33m:[39m [32m"git+https://github.com/lukas2005/types-ipfs.git"[39m[33m,[39m[0m
4 error [0m[31m[1m>[22m[39m[90m 39 |[39m     }[33m,[39m[0m
4 error [0m [90m    |[39m     [31m[1m^[22m[39m[0m
4 error [0m [90m 40 |[39m     [32m"dependencies"[39m[33m:[39m {[0m
4 error [0m [90m 41 |[39m         [32m"@dao-xyz/borsh"[39m[33m:[39m [32m"^2.0.2"[39m[33m,[39m[0m
4 error [0m [90m 42 |[39m         [32m"@solana/web3.js"[39m[33m:[39m [32m"^1.33.0"[39m[33m,[39m[0m
4 error
4 error     at parseJson (/Users/admin/git/web3-orbit/node_modules/parse-json/index.js:29:21)
4 error     at parse (/Users/admin/git/web3-orbit/node_modules/load-json-file/index.js:15:9)
4 error     at module.exports (/Users/admin/git/web3-orbit/node_modules/load-json-file/index.js:18:47)
