Arguments: 
  /Users/admin/.nvm/versions/node/v16.15.0/bin/node /usr/local/bin/yarn lerna bootstrap

PATH: 
  /Users/admin/.nvm/versions/node/v16.15.0/bin:/usr/local/opt/llvm@12/bin:/Users/admin/.local/share/solana/install/active_release/bin:/opt/local/bin:/opt/local/sbin:/usr/local/bin:/usr/bin:/bin:/usr/sbin:/sbin:/Library/Apple/usr/bin:/Users/admin/.nvm/versions/node/v16.15.0/bin:/usr/local/opt/llvm@12/bin:/Users/admin/.local/share/solana/install/active_release/bin:/opt/local/bin:/opt/local/sbin:/Users/admin/.cargo/bin

Yarn version: 
  1.22.17

Node version: 
  16.15.0

Platform: 
  darwin x64

Trace: 
  SyntaxError: /Users/admin/git/web3-orbit/packages/orbit-db-docstore/package.json: Unexpected token } in JSON at position 986
      at JSON.parse (<anonymous>)
      at /usr/local/lib/node_modules/yarn/lib/cli.js:1625:59
      at Generator.next (<anonymous>)
      at step (/usr/local/lib/node_modules/yarn/lib/cli.js:310:30)
      at /usr/local/lib/node_modules/yarn/lib/cli.js:321:13

npm manifest: 
  {
    "name": "orbit-db-binary-docstore",
    "version": "0.0.11",
    "description": "Document Store for orbit-db",
    "scripts": {
      "test": "echo \"Error: no test specified\" && exit 1"
    },
    "main": "lib/cjs/index.js",
    "module": "lib/esm/index.mjs",
    "types": "lib/esm/index.d.ts",
    "exports": {
      "import": "./lib/esm/index.mjs",
      "require": "./lib/cjs/index.js"
    },
    "files": [
      "lib",
      "src",
      "LICENSE"
    ],
    "publishConfig": {
      "access": "public"
    },
    "author": "shamb0t",
    "license": "MIT",
    "dependencies": {
      "p-map": "~1.1.1",
      "@dao-xyz/borsh": "^2.0.2"
    },
    "peerDependencies": {
      "orbit-db-store": "4.x"
    },
    "devDependencies": {
      "@types/dao-xyz-orbit-db": "0.0.1"
    },
    "repository": {
      "type": "git",
      "url": "git+https://github.com/orbitdb/orbit-db-docstore.git"
    },
    "bugs": {
      "url": "https://github.com/orbitdb/orbit-db-docstore/issues"
    },
    "homepage": "https://github.com/orbitdb/orbit-db-docstore#readme",
  }

yarn manifest: 
  No manifest

Lockfile: 
  No lockfile
